[2019-02-04 10:58:22,607 CameraGroup] ERROR: No cam found.
[2019-02-05 17:51:45,941 Cl:CameraGroup Fx:getCamByID Line:40 ] ERROR: No cam found.
[2019-02-06 12:55:27,242 Cl:CameraGroup Fx:getCamByID Line:40 ] ERROR: No cam found.
[2019-02-06 13:20:44,993 Cl:SingleCameraPoseEstimator Fx:estimateModelPose Line:77 ] ERROR: Missing intrinsic camera parameters, camera not calibrated
[2019-02-06 13:22:31,281 Cl:SingleCameraPoseEstimator Fx:estimateModelPose Line:77 ] ERROR: Missing intrinsic camera parameters, camera not calibrated
[2019-02-06 14:01:47,422 Cl:SingleCameraPoseEstimator Fx:estimateModelPose Line:87 ] ERROR: One or more image points not found, cannot estimate pose
[2019-02-06 14:02:42,489 Cl:SingleCameraPoseEstimator Fx:estimateModelPose Line:87 ] ERROR: One or more image points not found, cannot estimate pose
[2019-02-06 14:06:12,519 Cl:SingleCameraPoseEstimator Fx:estimateModelPose Line:87 ] ERROR: One or more image points not found, cannot estimate pose
[2019-02-06 14:17:38,221 Cl:SingleCameraPoseEstimator Fx:estimateModelPose Line:87 ] ERROR: One or more image points not found, cannot estimate pose
[2019-02-06 14:37:59,911 Cl:SingleCameraPoseEstimator Fx:estimateModelPose Line:87 ] ERROR: One or more image points not found, cannot estimate pose
[2019-02-06 14:39:47,254 Cl:SingleCameraPoseEstimator Fx:estimateModelPose Line:87 ] ERROR: One or more image points not found, cannot estimate pose
[2019-02-06 14:44:06,759 Cl:SingleCameraPoseEstimator Fx:estimateModelPose Line:87 ] ERROR: One or more image points not found, cannot estimate pose
[2019-02-06 14:44:49,180 Cl:SingleCameraPoseEstimator Fx:estimateModelPose Line:87 ] ERROR: One or more image points not found, cannot estimate pose
[2019-02-06 14:45:34,459 Cl:SingleCameraPoseEstimator Fx:estimateModelPose Line:87 ] ERROR: One or more image points not found, cannot estimate pose
[2019-02-06 14:48:26,289 Cl:SingleCameraPoseEstimator Fx:estimateModelPose Line:87 ] ERROR: One or more image points not found, cannot estimate pose
[2019-02-06 14:49:21,546 Cl:SingleCameraPoseEstimator Fx:estimateModelPose Line:87 ] ERROR: One or more image points not found, cannot estimate pose
[2019-02-06 14:53:53,602 Cl:SingleCameraPoseEstimator Fx:estimateModelPose Line:87 ] ERROR: One or more image points not found, cannot estimate pose
[2019-02-06 15:17:30,009 Cl:SingleCameraPoseEstimator Fx:estimateModelPose Line:87 ] ERROR: One or more image points not found, cannot estimate pose
[2019-02-06 15:20:44,438 Cl:CameraGroup Fx:getCamByID Line:40 ] ERROR: No cam found.
[2019-02-06 15:25:37,136 Cl:SingleCameraPoseEstimator Fx:estimateModelPose Line:87 ] ERROR: One or more image points not found, cannot estimate pose
[2019-02-06 15:34:24,820 Cl:SingleCameraPoseEstimator Fx:estimateModelPose Line:77 ] ERROR: Missing intrinsic camera parameters, camera not calibrated
[2019-02-06 15:34:24,909 Cl:SingleCameraPoseEstimator Fx:estimateModelPose Line:87 ] ERROR: One or more image points not found, cannot estimate pose
[2019-02-06 15:35:16,900 Cl:SingleCameraPoseEstimator Fx:estimateModelPose Line:77 ] ERROR: Missing intrinsic camera parameters, camera not calibrated
[2019-02-06 15:35:16,964 Cl:SingleCameraPoseEstimator Fx:estimateModelPose Line:87 ] ERROR: One or more image points not found, cannot estimate pose
[2019-02-06 15:41:03,608 Cl:SingleCameraPoseEstimator Fx:estimateModelPose Line:77 ] ERROR: Missing intrinsic camera parameters, camera not calibrated
[2019-02-06 15:41:03,663 Cl:SingleCameraPoseEstimator Fx:estimateModelPose Line:87 ] ERROR: One or more image points not found, cannot estimate pose
[2019-02-10 17:19:53,102 Cl:Camera Fx:getSingleFrame Line:85 ] ERROR: Camera grabbed unsuccesfully.
[2019-02-14 09:30:15,030 Cl:Camera Fx:__init__ Line:30 ] ERROR: Camera not opened!!
[2019-02-14 09:31:33,960 Cl:Camera Fx:__init__ Line:30 ] ERROR: Camera not opened!!
[2019-02-14 09:45:10,536 Cl:Camera Fx:__init__ Line:30 ] ERROR: Camera not opened!!
[2019-02-14 09:45:50,227 Cl:Camera Fx:__init__ Line:30 ] ERROR: Camera not opened!!
[2019-02-14 09:46:20,517 Cl:Camera Fx:__init__ Line:30 ] ERROR: Camera not opened!!
[2019-02-14 09:46:26,475 Cl:PoseEstimator Fx:getVEById Line:91 ] ERROR: Camera not found on given index, VE returned None. 
[2019-02-14 10:07:00,427 Cl:PoseEstimator Fx:getVEById Line:91 ] ERROR: Camera not found on given index, VE returned None. 
[2019-02-14 10:13:56,132 Cl:Camera Fx:getSingleFrame Line:85 ] ERROR: Camera grabbed unsuccesfully.
[2019-02-14 10:42:51,936 Cl:PoseEstimator Fx:getVEById Line:91 ] ERROR: Camera not found on given index, VE returned None. 
[2019-02-14 12:19:37,406 Cl:SingleCameraPoseEstimator Fx:_estimateModelPose Line:49 ] ERROR: One or more image points not found, cannot estimate pose
[2019-02-14 12:19:37,407 Cl:VisionEntity Fx:findPoseResult_th Line:56 ] ERROR: Unsuccesfull setting reference frame. Did not find the ball points.
[2019-02-14 12:20:00,309 Cl:SingleCameraPoseEstimator Fx:_estimateModelPose Line:49 ] ERROR: One or more image points not found, cannot estimate pose
[2019-02-14 12:20:00,310 Cl:VisionEntity Fx:findPoseResult_th Line:56 ] ERROR: Unsuccesfull setting reference frame. Did not find the ball points.
[2019-02-14 12:20:01,541 Cl:SingleCameraPoseEstimator Fx:_estimateModelPose Line:49 ] ERROR: One or more image points not found, cannot estimate pose
[2019-02-14 12:20:01,545 Cl:VisionEntity Fx:findPoseResult_th Line:56 ] ERROR: Unsuccesfull setting reference frame. Did not find the ball points.
[2019-02-14 12:20:02,926 Cl:SingleCameraPoseEstimator Fx:_estimateModelPose Line:49 ] ERROR: One or more image points not found, cannot estimate pose
[2019-02-14 12:20:02,927 Cl:VisionEntity Fx:findPoseResult_th Line:56 ] ERROR: Unsuccesfull setting reference frame. Did not find the ball points.
